<?xml version="1.0" encoding="UTF-8"?>
<testsuite xmlns:xsi="http://www.w3.org/2001/XMLSchema-instance" xsi:noNamespaceSchemaLocation="https://maven.apache.org/surefire/maven-surefire-plugin/xsd/surefire-test-report.xsd" name="com.example.demo.ControllerTests" time="3.318" tests="5" errors="0" skipped="0" failures="0">
  <properties>
[...]
</properties>
  <testcase name="testPlayerScoreGet" classname="com.example.demo.ControllerTests" time="0.191"/>
  <testcase name="testPlayerScorePut" classname="com.example.demo.ControllerTests" time="0.052"/>
  <testcase name="testPlayerScorePost" classname="com.example.demo.ControllerTests" time="0.007"/>
  <testcase name="testPlacerScorePutDoesNotExist" classname="com.example.demo.ControllerTests" time="0.005"/>
  <testcase name="testPlayerScorePostExists" classname="com.example.demo.ControllerTests" time="0.005"/>
</testsuite>